ERROR - 2025-06-01 20:34:51 --> mysqli_sql_exception: Invalid default value for 'creado_en' in C:\wamp64\www\proyecto\system\Database\MySQLi\Connection.php:327
Stack trace:
#0 C:\wamp64\www\proyecto\system\Database\MySQLi\Connection.php(327): mysqli->query('CREATE TABLE `u...', 0)
#1 C:\wamp64\www\proyecto\system\Database\BaseConnection.php(738): CodeIgniter\Database\MySQLi\Connection->execute('CREATE TABLE `u...')
#2 C:\wamp64\www\proyecto\system\Database\BaseConnection.php(652): CodeIgniter\Database\BaseConnection->simpleQuery('CREATE TABLE `u...')
#3 C:\wamp64\www\proyecto\system\Database\Forge.php(570): CodeIgniter\Database\BaseConnection->query('CREATE TABLE `u...')
#4 C:\wamp64\www\proyecto\app\Database\Migrations\2025-05-30-182129_CreateUsuario.php(20): CodeIgniter\Database\Forge->createTable('usuarios')
#5 C:\wamp64\www\proyecto\system\Database\MigrationRunner.php(876): App\Database\Migrations\CreateUsuario->up()
#6 C:\wamp64\www\proyecto\system\Database\MigrationRunner.php(182): CodeIgniter\Database\MigrationRunner->migrate('up', Object(stdClass))
#7 C:\wamp64\www\proyecto\app\Controllers\SetupController.php(35): CodeIgniter\Database\MigrationRunner->latest()
#8 C:\wamp64\www\proyecto\system\CodeIgniter.php(933): App\Controllers\SetupController->index()
#9 C:\wamp64\www\proyecto\system\CodeIgniter.php(507): CodeIgniter\CodeIgniter->runController(Object(App\Controllers\SetupController))
#10 C:\wamp64\www\proyecto\system\CodeIgniter.php(354): CodeIgniter\CodeIgniter->handleRequest(NULL, Object(Config\Cache), false)
#11 C:\wamp64\www\proyecto\system\Boot.php(334): CodeIgniter\CodeIgniter->run()
#12 C:\wamp64\www\proyecto\system\Boot.php(67): CodeIgniter\Boot::runCodeIgniter(Object(CodeIgniter\CodeIgniter))
#13 C:\wamp64\www\proyecto\public\index.php(59): CodeIgniter\Boot::bootWeb(Object(Config\Paths))
#14 {main}
ERROR - 2025-06-01 22:03:22 --> mysqli_sql_exception: Invalid default value for 'creado_en' in C:\wamp64\www\proyecto\system\Database\MySQLi\Connection.php:327
Stack trace:
#0 C:\wamp64\www\proyecto\system\Database\MySQLi\Connection.php(327): mysqli->query('CREATE TABLE `u...', 0)
#1 C:\wamp64\www\proyecto\system\Database\BaseConnection.php(738): CodeIgniter\Database\MySQLi\Connection->execute('CREATE TABLE `u...')
#2 C:\wamp64\www\proyecto\system\Database\BaseConnection.php(652): CodeIgniter\Database\BaseConnection->simpleQuery('CREATE TABLE `u...')
#3 C:\wamp64\www\proyecto\system\Database\Forge.php(570): CodeIgniter\Database\BaseConnection->query('CREATE TABLE `u...')
#4 C:\wamp64\www\proyecto\app\Database\Migrations\2025-05-30-182129_CreateUsuario.php(20): CodeIgniter\Database\Forge->createTable('usuarios')
#5 C:\wamp64\www\proyecto\system\Database\MigrationRunner.php(876): App\Database\Migrations\CreateUsuario->up()
#6 C:\wamp64\www\proyecto\system\Database\MigrationRunner.php(182): CodeIgniter\Database\MigrationRunner->migrate('up', Object(stdClass))
#7 C:\wamp64\www\proyecto\app\Controllers\SetupController.php(35): CodeIgniter\Database\MigrationRunner->latest()
#8 C:\wamp64\www\proyecto\system\CodeIgniter.php(933): App\Controllers\SetupController->index()
#9 C:\wamp64\www\proyecto\system\CodeIgniter.php(507): CodeIgniter\CodeIgniter->runController(Object(App\Controllers\SetupController))
#10 C:\wamp64\www\proyecto\system\CodeIgniter.php(354): CodeIgniter\CodeIgniter->handleRequest(NULL, Object(Config\Cache), false)
#11 C:\wamp64\www\proyecto\system\Boot.php(334): CodeIgniter\CodeIgniter->run()
#12 C:\wamp64\www\proyecto\system\Boot.php(67): CodeIgniter\Boot::runCodeIgniter(Object(CodeIgniter\CodeIgniter))
#13 C:\wamp64\www\proyecto\public\index.php(59): CodeIgniter\Boot::bootWeb(Object(Config\Paths))
#14 {main}
ERROR - 2025-06-01 22:51:40 --> mysqli_sql_exception: Invalid default value for 'creado_en' in C:\wamp64\www\proyecto\system\Database\MySQLi\Connection.php:327
Stack trace:
#0 C:\wamp64\www\proyecto\system\Database\MySQLi\Connection.php(327): mysqli->query('CREATE TABLE `u...', 0)
#1 C:\wamp64\www\proyecto\system\Database\BaseConnection.php(738): CodeIgniter\Database\MySQLi\Connection->execute('CREATE TABLE `u...')
#2 C:\wamp64\www\proyecto\system\Database\BaseConnection.php(652): CodeIgniter\Database\BaseConnection->simpleQuery('CREATE TABLE `u...')
#3 C:\wamp64\www\proyecto\system\Database\Forge.php(570): CodeIgniter\Database\BaseConnection->query('CREATE TABLE `u...')
#4 C:\wamp64\www\proyecto\app\Database\Migrations\2025-05-30-182129_CreateUsuario.php(20): CodeIgniter\Database\Forge->createTable('usuarios')
#5 C:\wamp64\www\proyecto\system\Database\MigrationRunner.php(876): App\Database\Migrations\CreateUsuario->up()
#6 C:\wamp64\www\proyecto\system\Database\MigrationRunner.php(182): CodeIgniter\Database\MigrationRunner->migrate('up', Object(stdClass))
#7 C:\wamp64\www\proyecto\app\Controllers\SetupController.php(35): CodeIgniter\Database\MigrationRunner->latest()
#8 C:\wamp64\www\proyecto\system\CodeIgniter.php(933): App\Controllers\SetupController->index()
#9 C:\wamp64\www\proyecto\system\CodeIgniter.php(507): CodeIgniter\CodeIgniter->runController(Object(App\Controllers\SetupController))
#10 C:\wamp64\www\proyecto\system\CodeIgniter.php(354): CodeIgniter\CodeIgniter->handleRequest(NULL, Object(Config\Cache), false)
#11 C:\wamp64\www\proyecto\system\Boot.php(334): CodeIgniter\CodeIgniter->run()
#12 C:\wamp64\www\proyecto\system\Boot.php(67): CodeIgniter\Boot::runCodeIgniter(Object(CodeIgniter\CodeIgniter))
#13 C:\wamp64\www\proyecto\public\index.php(59): CodeIgniter\Boot::bootWeb(Object(Config\Paths))
#14 {main}
ERROR - 2025-06-01 22:58:09 --> mysqli_sql_exception: Invalid default value for 'creado_en' in C:\wamp64\www\proyecto\system\Database\MySQLi\Connection.php:327
Stack trace:
#0 C:\wamp64\www\proyecto\system\Database\MySQLi\Connection.php(327): mysqli->query('CREATE TABLE `u...', 0)
#1 C:\wamp64\www\proyecto\system\Database\BaseConnection.php(738): CodeIgniter\Database\MySQLi\Connection->execute('CREATE TABLE `u...')
#2 C:\wamp64\www\proyecto\system\Database\BaseConnection.php(652): CodeIgniter\Database\BaseConnection->simpleQuery('CREATE TABLE `u...')
#3 C:\wamp64\www\proyecto\system\Database\Forge.php(570): CodeIgniter\Database\BaseConnection->query('CREATE TABLE `u...')
#4 C:\wamp64\www\proyecto\app\Database\Migrations\2025-05-30-182129_CreateUsuario.php(20): CodeIgniter\Database\Forge->createTable('usuarios')
#5 C:\wamp64\www\proyecto\system\Database\MigrationRunner.php(876): App\Database\Migrations\CreateUsuario->up()
#6 C:\wamp64\www\proyecto\system\Database\MigrationRunner.php(182): CodeIgniter\Database\MigrationRunner->migrate('up', Object(stdClass))
#7 C:\wamp64\www\proyecto\app\Controllers\SetupController.php(35): CodeIgniter\Database\MigrationRunner->latest()
#8 C:\wamp64\www\proyecto\system\CodeIgniter.php(933): App\Controllers\SetupController->index()
#9 C:\wamp64\www\proyecto\system\CodeIgniter.php(507): CodeIgniter\CodeIgniter->runController(Object(App\Controllers\SetupController))
#10 C:\wamp64\www\proyecto\system\CodeIgniter.php(354): CodeIgniter\CodeIgniter->handleRequest(NULL, Object(Config\Cache), false)
#11 C:\wamp64\www\proyecto\system\Boot.php(334): CodeIgniter\CodeIgniter->run()
#12 C:\wamp64\www\proyecto\system\Boot.php(67): CodeIgniter\Boot::runCodeIgniter(Object(CodeIgniter\CodeIgniter))
#13 C:\wamp64\www\proyecto\public\index.php(59): CodeIgniter\Boot::bootWeb(Object(Config\Paths))
#14 {main}
ERROR - 2025-06-01 22:58:55 --> mysqli_sql_exception: Invalid default value for 'creado_en' in C:\wamp64\www\proyecto\system\Database\MySQLi\Connection.php:327
Stack trace:
#0 C:\wamp64\www\proyecto\system\Database\MySQLi\Connection.php(327): mysqli->query('CREATE TABLE `u...', 0)
#1 C:\wamp64\www\proyecto\system\Database\BaseConnection.php(738): CodeIgniter\Database\MySQLi\Connection->execute('CREATE TABLE `u...')
#2 C:\wamp64\www\proyecto\system\Database\BaseConnection.php(652): CodeIgniter\Database\BaseConnection->simpleQuery('CREATE TABLE `u...')
#3 C:\wamp64\www\proyecto\system\Database\Forge.php(570): CodeIgniter\Database\BaseConnection->query('CREATE TABLE `u...')
#4 C:\wamp64\www\proyecto\app\Database\Migrations\2025-05-30-182129_CreateUsuario.php(20): CodeIgniter\Database\Forge->createTable('usuarios')
#5 C:\wamp64\www\proyecto\system\Database\MigrationRunner.php(876): App\Database\Migrations\CreateUsuario->up()
#6 C:\wamp64\www\proyecto\system\Database\MigrationRunner.php(182): CodeIgniter\Database\MigrationRunner->migrate('up', Object(stdClass))
#7 C:\wamp64\www\proyecto\app\Controllers\SetupController.php(35): CodeIgniter\Database\MigrationRunner->latest()
#8 C:\wamp64\www\proyecto\system\CodeIgniter.php(933): App\Controllers\SetupController->index()
#9 C:\wamp64\www\proyecto\system\CodeIgniter.php(507): CodeIgniter\CodeIgniter->runController(Object(App\Controllers\SetupController))
#10 C:\wamp64\www\proyecto\system\CodeIgniter.php(354): CodeIgniter\CodeIgniter->handleRequest(NULL, Object(Config\Cache), false)
#11 C:\wamp64\www\proyecto\system\Boot.php(334): CodeIgniter\CodeIgniter->run()
#12 C:\wamp64\www\proyecto\system\Boot.php(67): CodeIgniter\Boot::runCodeIgniter(Object(CodeIgniter\CodeIgniter))
#13 C:\wamp64\www\proyecto\public\index.php(59): CodeIgniter\Boot::bootWeb(Object(Config\Paths))
#14 {main}
ERROR - 2025-06-01 23:15:00 --> mysqli_sql_exception: Invalid default value for 'creado_en' in C:\wamp64\www\proyecto\system\Database\MySQLi\Connection.php:327
Stack trace:
#0 C:\wamp64\www\proyecto\system\Database\MySQLi\Connection.php(327): mysqli->query('CREATE TABLE `u...', 0)
#1 C:\wamp64\www\proyecto\system\Database\BaseConnection.php(738): CodeIgniter\Database\MySQLi\Connection->execute('CREATE TABLE `u...')
#2 C:\wamp64\www\proyecto\system\Database\BaseConnection.php(652): CodeIgniter\Database\BaseConnection->simpleQuery('CREATE TABLE `u...')
#3 C:\wamp64\www\proyecto\system\Database\Forge.php(570): CodeIgniter\Database\BaseConnection->query('CREATE TABLE `u...')
#4 C:\wamp64\www\proyecto\app\Database\Migrations\2025-05-30-182129_CreateUsuario.php(20): CodeIgniter\Database\Forge->createTable('usuarios')
#5 C:\wamp64\www\proyecto\system\Database\MigrationRunner.php(876): App\Database\Migrations\CreateUsuario->up()
#6 C:\wamp64\www\proyecto\system\Database\MigrationRunner.php(182): CodeIgniter\Database\MigrationRunner->migrate('up', Object(stdClass))
#7 C:\wamp64\www\proyecto\app\Controllers\SetupController.php(35): CodeIgniter\Database\MigrationRunner->latest()
#8 C:\wamp64\www\proyecto\system\CodeIgniter.php(933): App\Controllers\SetupController->index()
#9 C:\wamp64\www\proyecto\system\CodeIgniter.php(507): CodeIgniter\CodeIgniter->runController(Object(App\Controllers\SetupController))
#10 C:\wamp64\www\proyecto\system\CodeIgniter.php(354): CodeIgniter\CodeIgniter->handleRequest(NULL, Object(Config\Cache), false)
#11 C:\wamp64\www\proyecto\system\Boot.php(334): CodeIgniter\CodeIgniter->run()
#12 C:\wamp64\www\proyecto\system\Boot.php(67): CodeIgniter\Boot::runCodeIgniter(Object(CodeIgniter\CodeIgniter))
#13 C:\wamp64\www\proyecto\public\index.php(59): CodeIgniter\Boot::bootWeb(Object(Config\Paths))
#14 {main}
ERROR - 2025-06-01 23:19:12 --> mysqli_sql_exception: Invalid default value for 'creado_en' in C:\wamp64\www\proyecto\system\Database\MySQLi\Connection.php:327
Stack trace:
#0 C:\wamp64\www\proyecto\system\Database\MySQLi\Connection.php(327): mysqli->query('CREATE TABLE `u...', 0)
#1 C:\wamp64\www\proyecto\system\Database\BaseConnection.php(738): CodeIgniter\Database\MySQLi\Connection->execute('CREATE TABLE `u...')
#2 C:\wamp64\www\proyecto\system\Database\BaseConnection.php(652): CodeIgniter\Database\BaseConnection->simpleQuery('CREATE TABLE `u...')
#3 C:\wamp64\www\proyecto\system\Database\Forge.php(570): CodeIgniter\Database\BaseConnection->query('CREATE TABLE `u...')
#4 C:\wamp64\www\proyecto\app\Database\Migrations\2025-05-30-182129_CreateUsuario.php(20): CodeIgniter\Database\Forge->createTable('usuarios')
#5 C:\wamp64\www\proyecto\system\Database\MigrationRunner.php(876): App\Database\Migrations\CreateUsuario->up()
#6 C:\wamp64\www\proyecto\system\Database\MigrationRunner.php(182): CodeIgniter\Database\MigrationRunner->migrate('up', Object(stdClass))
#7 C:\wamp64\www\proyecto\app\Controllers\SetupController.php(35): CodeIgniter\Database\MigrationRunner->latest()
#8 C:\wamp64\www\proyecto\system\CodeIgniter.php(933): App\Controllers\SetupController->index()
#9 C:\wamp64\www\proyecto\system\CodeIgniter.php(507): CodeIgniter\CodeIgniter->runController(Object(App\Controllers\SetupController))
#10 C:\wamp64\www\proyecto\system\CodeIgniter.php(354): CodeIgniter\CodeIgniter->handleRequest(NULL, Object(Config\Cache), false)
#11 C:\wamp64\www\proyecto\system\Boot.php(334): CodeIgniter\CodeIgniter->run()
#12 C:\wamp64\www\proyecto\system\Boot.php(67): CodeIgniter\Boot::runCodeIgniter(Object(CodeIgniter\CodeIgniter))
#13 C:\wamp64\www\proyecto\public\index.php(59): CodeIgniter\Boot::bootWeb(Object(Config\Paths))
#14 {main}
ERROR - 2025-06-01 23:58:21 --> mysqli_sql_exception: Invalid default value for 'creado_en' in C:\wamp64\www\proyecto\system\Database\MySQLi\Connection.php:327
Stack trace:
#0 C:\wamp64\www\proyecto\system\Database\MySQLi\Connection.php(327): mysqli->query('CREATE TABLE `u...', 0)
#1 C:\wamp64\www\proyecto\system\Database\BaseConnection.php(738): CodeIgniter\Database\MySQLi\Connection->execute('CREATE TABLE `u...')
#2 C:\wamp64\www\proyecto\system\Database\BaseConnection.php(652): CodeIgniter\Database\BaseConnection->simpleQuery('CREATE TABLE `u...')
#3 C:\wamp64\www\proyecto\system\Database\Forge.php(570): CodeIgniter\Database\BaseConnection->query('CREATE TABLE `u...')
#4 C:\wamp64\www\proyecto\app\Database\Migrations\2025-05-30-182129_CreateUsuario.php(20): CodeIgniter\Database\Forge->createTable('usuarios')
#5 C:\wamp64\www\proyecto\system\Database\MigrationRunner.php(876): App\Database\Migrations\CreateUsuario->up()
#6 C:\wamp64\www\proyecto\system\Database\MigrationRunner.php(182): CodeIgniter\Database\MigrationRunner->migrate('up', Object(stdClass))
#7 C:\wamp64\www\proyecto\app\Controllers\SetupController.php(35): CodeIgniter\Database\MigrationRunner->latest()
#8 C:\wamp64\www\proyecto\system\CodeIgniter.php(933): App\Controllers\SetupController->index()
#9 C:\wamp64\www\proyecto\system\CodeIgniter.php(507): CodeIgniter\CodeIgniter->runController(Object(App\Controllers\SetupController))
#10 C:\wamp64\www\proyecto\system\CodeIgniter.php(354): CodeIgniter\CodeIgniter->handleRequest(NULL, Object(Config\Cache), false)
#11 C:\wamp64\www\proyecto\system\Boot.php(334): CodeIgniter\CodeIgniter->run()
#12 C:\wamp64\www\proyecto\system\Boot.php(67): CodeIgniter\Boot::runCodeIgniter(Object(CodeIgniter\CodeIgniter))
#13 C:\wamp64\www\proyecto\public\index.php(59): CodeIgniter\Boot::bootWeb(Object(Config\Paths))
#14 {main}
